<?xml version="1.0" encoding="UTF-8"?>
<!-- Generated by org.testng.reporters.JUnitReportReporter -->
<testsuite hostname="DESKTOP-VVEO0RP" name="DropBoxAutomation.Assessment.Tests.LoginPageTestCases" tests="1" failures="0" timestamp="27 Nov 2018 03:03:47 GMT" time="19.844" errors="0">
  <testcase name="loginTest" time="19.844" classname="DropBoxAutomation.Assessment.Tests.LoginPageTestCases"/>
</testsuite> <!-- DropBoxAutomation.Assessment.Tests.LoginPageTestCases -->
