<?xml version="1.0" encoding="UTF-8"?>
<!-- Generated by org.testng.reporters.JUnitReportReporter -->
<testsuite hostname="DESKTOP-VVEO0RP" name="DropBoxAutomation.Assessment.Tests.LoginPageTestCases" tests="1" failures="0" timestamp="27 Nov 2018 02:25:51 GMT" time="9.669" errors="0">
  <testcase name="loginTest" time="9.669" classname="DropBoxAutomation.Assessment.Tests.LoginPageTestCases"/>
</testsuite> <!-- DropBoxAutomation.Assessment.Tests.LoginPageTestCases -->
